[debug] [2024-02-18T14:50:24.253Z] ----------------------------------------------------------------------
[debug] [2024-02-18T14:50:24.257Z] Command:       C:\Program Files\nodejs\node.exe C:\Users\ASUS\AppData\Roaming\npm\node_modules\firebase-tools\lib\bin\firebase.js init
[debug] [2024-02-18T14:50:24.258Z] CLI Version:   13.3.0
[debug] [2024-02-18T14:50:24.258Z] Platform:      win32
[debug] [2024-02-18T14:50:24.258Z] Node Version:  v20.11.0
[debug] [2024-02-18T14:50:24.259Z] Time:          Sun Feb 18 2024 21:50:24 GMT+0700 (Indochina Time)
[debug] [2024-02-18T14:50:24.259Z] ----------------------------------------------------------------------
[debug] 
[debug] [2024-02-18T14:50:24.366Z] > command requires scopes: ["email","openid","https://www.googleapis.com/auth/cloudplatformprojects.readonly","https://www.googleapis.com/auth/firebase","https://www.googleapis.com/auth/cloud-platform"]
[debug] [2024-02-18T14:50:24.367Z] > authorizing via signed-in user (yrahman840@gmail.com)
[info] 
     ######## #### ########  ######## ########     ###     ######  ########
     ##        ##  ##     ## ##       ##     ##  ##   ##  ##       ##
     ######    ##  ########  ######   ########  #########  ######  ######
     ##        ##  ##    ##  ##       ##     ## ##     ##       ## ##
     ##       #### ##     ## ######## ########  ##     ##  ######  ########

You're about to initialize a Firebase project in this directory:

  D:\riono

Before we get started, keep in mind:

  * You are initializing within an existing Firebase project directory

